Build output check failed:
    Regex: 'command line option .* is valid for .* but not for C\+\+'
    Output line: 'cc1plus: warning: command line option ‘-Wmissing-prototypes’ is valid for C/ObjC but not for C++'
Compilation failed:
    source file: '/home/ubuntu/nomad_server_but_refactored/bg/OpenCV/build/CMakeFiles/CMakeTmp/src.cxx'
    check option: ' -fsigned-char -W -Wall -Werror=return-type -Werror=non-virtual-dtor -Werror=address -Werror=sequence-point -Wformat -Werror=format-security -Wmissing-declarations  -Wmissing-prototypes'
===== BUILD LOG =====
Change Dir: /home/ubuntu/nomad_server_but_refactored/bg/OpenCV/build/CMakeFiles/CMakeTmp

Run Build Command:"/usr/bin/make" "cmTC_38177/fast"
/usr/bin/make -f CMakeFiles/cmTC_38177.dir/build.make CMakeFiles/cmTC_38177.dir/build
make[1]: Entering directory '/home/ubuntu/nomad_server_but_refactored/bg/OpenCV/build/CMakeFiles/CMakeTmp'
Building CXX object CMakeFiles/cmTC_38177.dir/src.cxx.o
/usr/bin/c++     -O3 -DNDEBUG   -fsigned-char -W -Wall -Werror=return-type -Werror=non-virtual-dtor -Werror=address -Werror=sequence-point -Wformat -Werror=format-security -Wmissing-declarations -Wmissing-prototypes -o CMakeFiles/cmTC_38177.dir/src.cxx.o -c /home/ubuntu/nomad_server_but_refactored/bg/OpenCV/build/CMakeFiles/CMakeTmp/src.cxx
cc1plus: warning: command line option ‘-Wmissing-prototypes’ is valid for C/ObjC but not for C++
/home/ubuntu/nomad_server_but_refactored/bg/OpenCV/build/CMakeFiles/CMakeTmp/src.cxx:1:0: warning: ignoring #pragma   [-Wunknown-pragmas]
 #pragma
 ^
Linking CXX executable cmTC_38177
/usr/bin/cmake -E cmake_link_script CMakeFiles/cmTC_38177.dir/link.txt --verbose=1
/usr/bin/c++     -O3 -DNDEBUG    CMakeFiles/cmTC_38177.dir/src.cxx.o  -o cmTC_38177 -rdynamic 
make[1]: Leaving directory '/home/ubuntu/nomad_server_but_refactored/bg/OpenCV/build/CMakeFiles/CMakeTmp'

===== END =====

Build output check failed:
    Regex: 'command line option .* is valid for .* but not for C\+\+'
    Output line: 'cc1plus: warning: command line option ‘-Wstrict-prototypes’ is valid for C/ObjC but not for C++'
Compilation failed:
    source file: '/home/ubuntu/nomad_server_but_refactored/bg/OpenCV/build/CMakeFiles/CMakeTmp/src.cxx'
    check option: ' -fsigned-char -W -Wall -Werror=return-type -Werror=non-virtual-dtor -Werror=address -Werror=sequence-point -Wformat -Werror=format-security -Wmissing-declarations  -Wstrict-prototypes'
===== BUILD LOG =====
Change Dir: /home/ubuntu/nomad_server_but_refactored/bg/OpenCV/build/CMakeFiles/CMakeTmp

Run Build Command:"/usr/bin/make" "cmTC_1038d/fast"
/usr/bin/make -f CMakeFiles/cmTC_1038d.dir/build.make CMakeFiles/cmTC_1038d.dir/build
make[1]: Entering directory '/home/ubuntu/nomad_server_but_refactored/bg/OpenCV/build/CMakeFiles/CMakeTmp'
Building CXX object CMakeFiles/cmTC_1038d.dir/src.cxx.o
/usr/bin/c++     -O3 -DNDEBUG   -fsigned-char -W -Wall -Werror=return-type -Werror=non-virtual-dtor -Werror=address -Werror=sequence-point -Wformat -Werror=format-security -Wmissing-declarations -Wstrict-prototypes -o CMakeFiles/cmTC_1038d.dir/src.cxx.o -c /home/ubuntu/nomad_server_but_refactored/bg/OpenCV/build/CMakeFiles/CMakeTmp/src.cxx
cc1plus: warning: command line option ‘-Wstrict-prototypes’ is valid for C/ObjC but not for C++
/home/ubuntu/nomad_server_but_refactored/bg/OpenCV/build/CMakeFiles/CMakeTmp/src.cxx:1:0: warning: ignoring #pragma   [-Wunknown-pragmas]
 #pragma
 ^
Linking CXX executable cmTC_1038d
/usr/bin/cmake -E cmake_link_script CMakeFiles/cmTC_1038d.dir/link.txt --verbose=1
/usr/bin/c++     -O3 -DNDEBUG    CMakeFiles/cmTC_1038d.dir/src.cxx.o  -o cmTC_1038d -rdynamic 
make[1]: Leaving directory '/home/ubuntu/nomad_server_but_refactored/bg/OpenCV/build/CMakeFiles/CMakeTmp'

===== END =====

Build output check failed:
    Regex: 'command line option .* is valid for .* but not for C'
    Output line: 'cc1: warning: command line option ‘-Wsign-promo’ is valid for C++/ObjC++ but not for C'
Compilation failed:
    source file: '/home/ubuntu/nomad_server_but_refactored/bg/OpenCV/build/CMakeFiles/CMakeTmp/src.c'
    check option: ' -fsigned-char -W -Wall -Werror=return-type -Werror=non-virtual-dtor -Werror=address -Werror=sequence-point -Wformat -Werror=format-security -Wmissing-declarations -Wmissing-prototypes -Wstrict-prototypes -Wundef -Winit-self -Wpointer-arith -Wshadow  -Wsign-promo'
===== BUILD LOG =====
Change Dir: /home/ubuntu/nomad_server_but_refactored/bg/OpenCV/build/CMakeFiles/CMakeTmp

Run Build Command:"/usr/bin/make" "cmTC_b0c94/fast"
/usr/bin/make -f CMakeFiles/cmTC_b0c94.dir/build.make CMakeFiles/cmTC_b0c94.dir/build
make[1]: Entering directory '/home/ubuntu/nomad_server_but_refactored/bg/OpenCV/build/CMakeFiles/CMakeTmp'
Building C object CMakeFiles/cmTC_b0c94.dir/src.c.o
/usr/bin/cc    -O3 -DNDEBUG   -fsigned-char -W -Wall -Werror=return-type -Werror=non-virtual-dtor -Werror=address -Werror=sequence-point -Wformat -Werror=format-security -Wmissing-declarations -Wmissing-prototypes -Wstrict-prototypes -Wundef -Winit-self -Wpointer-arith -Wshadow -Wsign-promo -o CMakeFiles/cmTC_b0c94.dir/src.c.o   -c /home/ubuntu/nomad_server_but_refactored/bg/OpenCV/build/CMakeFiles/CMakeTmp/src.c
cc1: warning: command line option ‘-Wsign-promo’ is valid for C++/ObjC++ but not for C
/home/ubuntu/nomad_server_but_refactored/bg/OpenCV/build/CMakeFiles/CMakeTmp/src.c:1:0: warning: ignoring #pragma   [-Wunknown-pragmas]
 #pragma
 ^
Linking C executable cmTC_b0c94
/usr/bin/cmake -E cmake_link_script CMakeFiles/cmTC_b0c94.dir/link.txt --verbose=1
/usr/bin/cc    -O3 -DNDEBUG    CMakeFiles/cmTC_b0c94.dir/src.c.o  -o cmTC_b0c94 -rdynamic 
make[1]: Leaving directory '/home/ubuntu/nomad_server_but_refactored/bg/OpenCV/build/CMakeFiles/CMakeTmp'

===== END =====

Build output check failed:
    Regex: 'command line option .* is valid for .* but not for C'
    Output line: 'cc1: warning: command line option ‘-Wno-delete-non-virtual-dtor’ is valid for C++/ObjC++ but not for C'
Compilation failed:
    source file: '/home/ubuntu/nomad_server_but_refactored/bg/OpenCV/build/CMakeFiles/CMakeTmp/src.c'
    check option: ' -fsigned-char -W -Wall -Werror=return-type -Werror=non-virtual-dtor -Werror=address -Werror=sequence-point -Wformat -Werror=format-security -Wmissing-declarations -Wmissing-prototypes -Wstrict-prototypes -Wundef -Winit-self -Wpointer-arith -Wshadow -Wno-narrowing  -Wno-delete-non-virtual-dtor'
===== BUILD LOG =====
Change Dir: /home/ubuntu/nomad_server_but_refactored/bg/OpenCV/build/CMakeFiles/CMakeTmp

Run Build Command:"/usr/bin/make" "cmTC_47a4c/fast"
/usr/bin/make -f CMakeFiles/cmTC_47a4c.dir/build.make CMakeFiles/cmTC_47a4c.dir/build
make[1]: Entering directory '/home/ubuntu/nomad_server_but_refactored/bg/OpenCV/build/CMakeFiles/CMakeTmp'
Building C object CMakeFiles/cmTC_47a4c.dir/src.c.o
/usr/bin/cc    -O3 -DNDEBUG   -fsigned-char -W -Wall -Werror=return-type -Werror=non-virtual-dtor -Werror=address -Werror=sequence-point -Wformat -Werror=format-security -Wmissing-declarations -Wmissing-prototypes -Wstrict-prototypes -Wundef -Winit-self -Wpointer-arith -Wshadow -Wno-narrowing -Wno-delete-non-virtual-dtor -o CMakeFiles/cmTC_47a4c.dir/src.c.o   -c /home/ubuntu/nomad_server_but_refactored/bg/OpenCV/build/CMakeFiles/CMakeTmp/src.c
cc1: warning: command line option ‘-Wno-delete-non-virtual-dtor’ is valid for C++/ObjC++ but not for C
/home/ubuntu/nomad_server_but_refactored/bg/OpenCV/build/CMakeFiles/CMakeTmp/src.c:1:0: warning: ignoring #pragma   [-Wunknown-pragmas]
 #pragma
 ^
Linking C executable cmTC_47a4c
/usr/bin/cmake -E cmake_link_script CMakeFiles/cmTC_47a4c.dir/link.txt --verbose=1
/usr/bin/cc    -O3 -DNDEBUG    CMakeFiles/cmTC_47a4c.dir/src.c.o  -o cmTC_47a4c -rdynamic 
make[1]: Leaving directory '/home/ubuntu/nomad_server_but_refactored/bg/OpenCV/build/CMakeFiles/CMakeTmp'

===== END =====

Build output check failed:
    Regex: 'unrecognized .*option'
    Output line: 'cc1plus: warning: unrecognized command line option ‘-Wno-unnamed-type-template-args’'
Compilation failed:
    source file: '/home/ubuntu/nomad_server_but_refactored/bg/OpenCV/build/CMakeFiles/CMakeTmp/src.cxx'
    check option: ' -fsigned-char -W -Wall -Werror=return-type -Werror=non-virtual-dtor -Werror=address -Werror=sequence-point -Wformat -Werror=format-security -Wmissing-declarations -Wundef -Winit-self -Wpointer-arith -Wshadow -Wsign-promo -Wno-narrowing -Wno-delete-non-virtual-dtor  -Wno-unnamed-type-template-args'
===== BUILD LOG =====
Change Dir: /home/ubuntu/nomad_server_but_refactored/bg/OpenCV/build/CMakeFiles/CMakeTmp

Run Build Command:"/usr/bin/make" "cmTC_df016/fast"
/usr/bin/make -f CMakeFiles/cmTC_df016.dir/build.make CMakeFiles/cmTC_df016.dir/build
make[1]: Entering directory '/home/ubuntu/nomad_server_but_refactored/bg/OpenCV/build/CMakeFiles/CMakeTmp'
Building CXX object CMakeFiles/cmTC_df016.dir/src.cxx.o
/usr/bin/c++     -O3 -DNDEBUG   -fsigned-char -W -Wall -Werror=return-type -Werror=non-virtual-dtor -Werror=address -Werror=sequence-point -Wformat -Werror=format-security -Wmissing-declarations -Wundef -Winit-self -Wpointer-arith -Wshadow -Wsign-promo -Wno-narrowing -Wno-delete-non-virtual-dtor -Wno-unnamed-type-template-args -o CMakeFiles/cmTC_df016.dir/src.cxx.o -c /home/ubuntu/nomad_server_but_refactored/bg/OpenCV/build/CMakeFiles/CMakeTmp/src.cxx
/home/ubuntu/nomad_server_but_refactored/bg/OpenCV/build/CMakeFiles/CMakeTmp/src.cxx:1:0: warning: ignoring #pragma   [-Wunknown-pragmas]
 #pragma
 ^
cc1plus: warning: unrecognized command line option ‘-Wno-unnamed-type-template-args’
Linking CXX executable cmTC_df016
/usr/bin/cmake -E cmake_link_script CMakeFiles/cmTC_df016.dir/link.txt --verbose=1
/usr/bin/c++     -O3 -DNDEBUG    CMakeFiles/cmTC_df016.dir/src.cxx.o  -o cmTC_df016 -rdynamic 
make[1]: Leaving directory '/home/ubuntu/nomad_server_but_refactored/bg/OpenCV/build/CMakeFiles/CMakeTmp'

===== END =====

Build output check failed:
    Regex: 'unrecognized .*option'
    Output line: 'cc1: warning: unrecognized command line option ‘-Wno-unnamed-type-template-args’'
Compilation failed:
    source file: '/home/ubuntu/nomad_server_but_refactored/bg/OpenCV/build/CMakeFiles/CMakeTmp/src.c'
    check option: ' -fsigned-char -W -Wall -Werror=return-type -Werror=non-virtual-dtor -Werror=address -Werror=sequence-point -Wformat -Werror=format-security -Wmissing-declarations -Wmissing-prototypes -Wstrict-prototypes -Wundef -Winit-self -Wpointer-arith -Wshadow -Wno-narrowing  -Wno-unnamed-type-template-args'
===== BUILD LOG =====
Change Dir: /home/ubuntu/nomad_server_but_refactored/bg/OpenCV/build/CMakeFiles/CMakeTmp

Run Build Command:"/usr/bin/make" "cmTC_d3973/fast"
/usr/bin/make -f CMakeFiles/cmTC_d3973.dir/build.make CMakeFiles/cmTC_d3973.dir/build
make[1]: Entering directory '/home/ubuntu/nomad_server_but_refactored/bg/OpenCV/build/CMakeFiles/CMakeTmp'
Building C object CMakeFiles/cmTC_d3973.dir/src.c.o
/usr/bin/cc    -O3 -DNDEBUG   -fsigned-char -W -Wall -Werror=return-type -Werror=non-virtual-dtor -Werror=address -Werror=sequence-point -Wformat -Werror=format-security -Wmissing-declarations -Wmissing-prototypes -Wstrict-prototypes -Wundef -Winit-self -Wpointer-arith -Wshadow -Wno-narrowing -Wno-unnamed-type-template-args -o CMakeFiles/cmTC_d3973.dir/src.c.o   -c /home/ubuntu/nomad_server_but_refactored/bg/OpenCV/build/CMakeFiles/CMakeTmp/src.c
/home/ubuntu/nomad_server_but_refactored/bg/OpenCV/build/CMakeFiles/CMakeTmp/src.c:1:0: warning: ignoring #pragma   [-Wunknown-pragmas]
 #pragma
 ^
cc1: warning: unrecognized command line option ‘-Wno-unnamed-type-template-args’
Linking C executable cmTC_d3973
/usr/bin/cmake -E cmake_link_script CMakeFiles/cmTC_d3973.dir/link.txt --verbose=1
/usr/bin/cc    -O3 -DNDEBUG    CMakeFiles/cmTC_d3973.dir/src.c.o  -o cmTC_d3973 -rdynamic 
make[1]: Leaving directory '/home/ubuntu/nomad_server_but_refactored/bg/OpenCV/build/CMakeFiles/CMakeTmp'

===== END =====

Build output check failed:
    Regex: 'command line option .* is valid for .* but not for C'
    Output line: 'cc1: warning: command line option ‘-fvisibility-inlines-hidden’ is valid for C++/ObjC++ but not for C'
Compilation failed:
    source file: '/home/ubuntu/nomad_server_but_refactored/bg/OpenCV/build/CMakeFiles/CMakeTmp/src.c'
    check option: ' -fsigned-char -W -Wall -Werror=return-type -Werror=non-virtual-dtor -Werror=address -Werror=sequence-point -Wformat -Werror=format-security -Wmissing-declarations -Wmissing-prototypes -Wstrict-prototypes -Wundef -Winit-self -Wpointer-arith -Wshadow -Wno-narrowing -Wno-comment -fdiagnostics-show-option -Wno-long-long -pthread -fomit-frame-pointer -msse -msse2 -mno-avx -msse3 -mno-ssse3 -mno-sse4.1 -mno-sse4.2 -ffunction-sections -fvisibility=hidden  -fvisibility-inlines-hidden'
===== BUILD LOG =====
Change Dir: /home/ubuntu/nomad_server_but_refactored/bg/OpenCV/build/CMakeFiles/CMakeTmp

Run Build Command:"/usr/bin/make" "cmTC_6f860/fast"
/usr/bin/make -f CMakeFiles/cmTC_6f860.dir/build.make CMakeFiles/cmTC_6f860.dir/build
make[1]: Entering directory '/home/ubuntu/nomad_server_but_refactored/bg/OpenCV/build/CMakeFiles/CMakeTmp'
Building C object CMakeFiles/cmTC_6f860.dir/src.c.o
/usr/bin/cc    -O3 -DNDEBUG   -fsigned-char -W -Wall -Werror=return-type -Werror=non-virtual-dtor -Werror=address -Werror=sequence-point -Wformat -Werror=format-security -Wmissing-declarations -Wmissing-prototypes -Wstrict-prototypes -Wundef -Winit-self -Wpointer-arith -Wshadow -Wno-narrowing -Wno-comment -fdiagnostics-show-option -Wno-long-long -pthread -fomit-frame-pointer -msse -msse2 -mno-avx -msse3 -mno-ssse3 -mno-sse4.1 -mno-sse4.2 -ffunction-sections -fvisibility=hidden -fvisibility-inlines-hidden -o CMakeFiles/cmTC_6f860.dir/src.c.o   -c /home/ubuntu/nomad_server_but_refactored/bg/OpenCV/build/CMakeFiles/CMakeTmp/src.c
cc1: warning: command line option ‘-fvisibility-inlines-hidden’ is valid for C++/ObjC++ but not for C
/home/ubuntu/nomad_server_but_refactored/bg/OpenCV/build/CMakeFiles/CMakeTmp/src.c:1:0: warning: ignoring #pragma   [-Wunknown-pragmas]
 #pragma
 ^
Linking C executable cmTC_6f860
/usr/bin/cmake -E cmake_link_script CMakeFiles/cmTC_6f860.dir/link.txt --verbose=1
/usr/bin/cc    -O3 -DNDEBUG    CMakeFiles/cmTC_6f860.dir/src.c.o  -o cmTC_6f860 -rdynamic 
make[1]: Leaving directory '/home/ubuntu/nomad_server_but_refactored/bg/OpenCV/build/CMakeFiles/CMakeTmp'

===== END =====

Determining if the system is big endian passed with the following output:
Change Dir: /home/ubuntu/nomad_server_but_refactored/bg/OpenCV/build/CMakeFiles/CMakeTmp

Run Build Command:"/usr/bin/make" "cmTC_0cd18/fast"
/usr/bin/make -f CMakeFiles/cmTC_0cd18.dir/build.make CMakeFiles/cmTC_0cd18.dir/build
make[1]: Entering directory '/home/ubuntu/nomad_server_but_refactored/bg/OpenCV/build/CMakeFiles/CMakeTmp'
Building C object CMakeFiles/cmTC_0cd18.dir/TestEndianess.c.o
/usr/bin/cc    -fsigned-char -W -Wall -Werror=return-type -Werror=non-virtual-dtor -Werror=address -Werror=sequence-point -Wformat -Werror=format-security -Wmissing-declarations -Wmissing-prototypes -Wstrict-prototypes -Wundef -Winit-self -Wpointer-arith -Wshadow -Wno-narrowing -Wno-comment -fdiagnostics-show-option -Wno-long-long -pthread -fomit-frame-pointer -msse -msse2 -mno-avx -msse3 -mno-ssse3 -mno-sse4.1 -mno-sse4.2 -ffunction-sections -fvisibility=hidden  -O3 -DNDEBUG   -o CMakeFiles/cmTC_0cd18.dir/TestEndianess.c.o   -c /home/ubuntu/nomad_server_but_refactored/bg/OpenCV/build/CMakeFiles/CMakeTmp/TestEndianess.c
Linking C executable cmTC_0cd18
/usr/bin/cmake -E cmake_link_script CMakeFiles/cmTC_0cd18.dir/link.txt --verbose=1
/usr/bin/cc     -fsigned-char -W -Wall -Werror=return-type -Werror=non-virtual-dtor -Werror=address -Werror=sequence-point -Wformat -Werror=format-security -Wmissing-declarations -Wmissing-prototypes -Wstrict-prototypes -Wundef -Winit-self -Wpointer-arith -Wshadow -Wno-narrowing -Wno-comment -fdiagnostics-show-option -Wno-long-long -pthread -fomit-frame-pointer -msse -msse2 -mno-avx -msse3 -mno-ssse3 -mno-sse4.1 -mno-sse4.2 -ffunction-sections -fvisibility=hidden  -O3 -DNDEBUG    CMakeFiles/cmTC_0cd18.dir/TestEndianess.c.o  -o cmTC_0cd18 -rdynamic 
make[1]: Leaving directory '/home/ubuntu/nomad_server_but_refactored/bg/OpenCV/build/CMakeFiles/CMakeTmp'

TestEndianess.c:
/* A 16 bit integer is required. */
typedef unsigned short cmakeint16;

/* On a little endian machine, these 16bit ints will give "THIS IS LITTLE ENDIAN."
   On a big endian machine the characters will be exchanged pairwise. */
const cmakeint16 info_little[] =  {0x4854, 0x5349, 0x4920, 0x2053, 0x494c, 0x5454, 0x454c, 0x4520, 0x444e, 0x4149, 0x2e4e, 0x0000};

/* on a big endian machine, these 16bit ints will give "THIS IS BIG ENDIAN."
   On a little endian machine the characters will be exchanged pairwise. */
const cmakeint16 info_big[] =     {0x5448, 0x4953, 0x2049, 0x5320, 0x4249, 0x4720, 0x454e, 0x4449, 0x414e, 0x2e2e, 0x0000};

#ifdef __CLASSIC_C__
int main(argc, argv) int argc; char *argv[];
#else
int main(int argc, char *argv[])
#endif
{
  int require = 0;
  require += info_little[argc];
  require += info_big[argc];
  (void)argv;
  return require;
}


Determining if the include file linux/videodev.h exists failed with the following output:
Change Dir: /home/ubuntu/nomad_server_but_refactored/bg/OpenCV/build/CMakeFiles/CMakeTmp

Run Build Command:"/usr/bin/make" "cmTC_a795b/fast"
/usr/bin/make -f CMakeFiles/cmTC_a795b.dir/build.make CMakeFiles/cmTC_a795b.dir/build
make[1]: Entering directory '/home/ubuntu/nomad_server_but_refactored/bg/OpenCV/build/CMakeFiles/CMakeTmp'
Building C object CMakeFiles/cmTC_a795b.dir/CheckIncludeFile.c.o
/usr/bin/cc    -fsigned-char -W -Wall -Werror=return-type -Werror=non-virtual-dtor -Werror=address -Werror=sequence-point -Wformat -Werror=format-security -Wmissing-declarations -Wmissing-prototypes -Wstrict-prototypes -Wundef -Winit-self -Wpointer-arith -Wshadow -Wno-narrowing -Wno-comment -fdiagnostics-show-option -Wno-long-long -pthread -fomit-frame-pointer -msse -msse2 -mno-avx -msse3 -mno-ssse3 -mno-sse4.1 -mno-sse4.2 -ffunction-sections -fvisibility=hidden  -O3 -DNDEBUG   -o CMakeFiles/cmTC_a795b.dir/CheckIncludeFile.c.o   -c /home/ubuntu/nomad_server_but_refactored/bg/OpenCV/build/CMakeFiles/CMakeTmp/CheckIncludeFile.c
/home/ubuntu/nomad_server_but_refactored/bg/OpenCV/build/CMakeFiles/CMakeTmp/CheckIncludeFile.c:1:28: fatal error: linux/videodev.h: No such file or directory
compilation terminated.
CMakeFiles/cmTC_a795b.dir/build.make:65: recipe for target 'CMakeFiles/cmTC_a795b.dir/CheckIncludeFile.c.o' failed
make[1]: *** [CMakeFiles/cmTC_a795b.dir/CheckIncludeFile.c.o] Error 1
make[1]: Leaving directory '/home/ubuntu/nomad_server_but_refactored/bg/OpenCV/build/CMakeFiles/CMakeTmp'
Makefile:126: recipe for target 'cmTC_a795b/fast' failed
make: *** [cmTC_a795b/fast] Error 2


Determining if the include file sys/videoio.h exists failed with the following output:
Change Dir: /home/ubuntu/nomad_server_but_refactored/bg/OpenCV/build/CMakeFiles/CMakeTmp

Run Build Command:"/usr/bin/make" "cmTC_1daca/fast"
/usr/bin/make -f CMakeFiles/cmTC_1daca.dir/build.make CMakeFiles/cmTC_1daca.dir/build
make[1]: Entering directory '/home/ubuntu/nomad_server_but_refactored/bg/OpenCV/build/CMakeFiles/CMakeTmp'
Building C object CMakeFiles/cmTC_1daca.dir/CheckIncludeFile.c.o
/usr/bin/cc    -fsigned-char -W -Wall -Werror=return-type -Werror=non-virtual-dtor -Werror=address -Werror=sequence-point -Wformat -Werror=format-security -Wmissing-declarations -Wmissing-prototypes -Wstrict-prototypes -Wundef -Winit-self -Wpointer-arith -Wshadow -Wno-narrowing -Wno-comment -fdiagnostics-show-option -Wno-long-long -pthread -fomit-frame-pointer -msse -msse2 -mno-avx -msse3 -mno-ssse3 -mno-sse4.1 -mno-sse4.2 -ffunction-sections -fvisibility=hidden  -O3 -DNDEBUG   -o CMakeFiles/cmTC_1daca.dir/CheckIncludeFile.c.o   -c /home/ubuntu/nomad_server_but_refactored/bg/OpenCV/build/CMakeFiles/CMakeTmp/CheckIncludeFile.c
/home/ubuntu/nomad_server_but_refactored/bg/OpenCV/build/CMakeFiles/CMakeTmp/CheckIncludeFile.c:1:25: fatal error: sys/videoio.h: No such file or directory
compilation terminated.
CMakeFiles/cmTC_1daca.dir/build.make:65: recipe for target 'CMakeFiles/cmTC_1daca.dir/CheckIncludeFile.c.o' failed
make[1]: *** [CMakeFiles/cmTC_1daca.dir/CheckIncludeFile.c.o] Error 1
make[1]: Leaving directory '/home/ubuntu/nomad_server_but_refactored/bg/OpenCV/build/CMakeFiles/CMakeTmp'
Makefile:126: recipe for target 'cmTC_1daca/fast' failed
make: *** [cmTC_1daca/fast] Error 2


Build output check failed:
    Regex: 'unrecognized .*option'
    Output line: 'cc1plus: warning: unrecognized command line option ‘-Wno-unused-const-variable’'
Compilation failed:
    source file: '/home/ubuntu/nomad_server_but_refactored/bg/OpenCV/build/CMakeFiles/CMakeTmp/src.cxx'
    check option: ' -Wno-unused-const-variable'
===== BUILD LOG =====
Change Dir: /home/ubuntu/nomad_server_but_refactored/bg/OpenCV/build/CMakeFiles/CMakeTmp

Run Build Command:"/usr/bin/make" "cmTC_fe242/fast"
/usr/bin/make -f CMakeFiles/cmTC_fe242.dir/build.make CMakeFiles/cmTC_fe242.dir/build
make[1]: Entering directory '/home/ubuntu/nomad_server_but_refactored/bg/OpenCV/build/CMakeFiles/CMakeTmp'
Building CXX object CMakeFiles/cmTC_fe242.dir/src.cxx.o
/usr/bin/c++     -fsigned-char -W -Wall -Werror=return-type -Werror=non-virtual-dtor -Werror=address -Werror=sequence-point -Wformat -Werror=format-security -Wmissing-declarations -Wundef -Winit-self -Wpointer-arith -Wshadow -Wsign-promo -Wno-narrowing -Wno-delete-non-virtual-dtor -Wno-comment -fdiagnostics-show-option -Wno-long-long -pthread -fomit-frame-pointer -msse -msse2 -mno-avx -msse3 -mno-ssse3 -mno-sse4.1 -mno-sse4.2 -ffunction-sections  -fvisibility-inlines-hidden  -O3 -DNDEBUG   -Wno-unused-const-variable -o CMakeFiles/cmTC_fe242.dir/src.cxx.o -c /home/ubuntu/nomad_server_but_refactored/bg/OpenCV/build/CMakeFiles/CMakeTmp/src.cxx
/home/ubuntu/nomad_server_but_refactored/bg/OpenCV/build/CMakeFiles/CMakeTmp/src.cxx:1:0: warning: ignoring #pragma   [-Wunknown-pragmas]
 #pragma
 ^
cc1plus: warning: unrecognized command line option ‘-Wno-unused-const-variable’
Linking CXX executable cmTC_fe242
/usr/bin/cmake -E cmake_link_script CMakeFiles/cmTC_fe242.dir/link.txt --verbose=1
/usr/bin/c++      -fsigned-char -W -Wall -Werror=return-type -Werror=non-virtual-dtor -Werror=address -Werror=sequence-point -Wformat -Werror=format-security -Wmissing-declarations -Wundef -Winit-self -Wpointer-arith -Wshadow -Wsign-promo -Wno-narrowing -Wno-delete-non-virtual-dtor -Wno-comment -fdiagnostics-show-option -Wno-long-long -pthread -fomit-frame-pointer -msse -msse2 -mno-avx -msse3 -mno-ssse3 -mno-sse4.1 -mno-sse4.2 -ffunction-sections  -fvisibility-inlines-hidden  -O3 -DNDEBUG    CMakeFiles/cmTC_fe242.dir/src.cxx.o  -o cmTC_fe242 -rdynamic 
make[1]: Leaving directory '/home/ubuntu/nomad_server_but_refactored/bg/OpenCV/build/CMakeFiles/CMakeTmp'

===== END =====

Build output check failed:
    Regex: 'unrecognized .*option'
    Output line: 'cc1plus: warning: unrecognized command line option ‘-Wno-unused-private-field’'
Compilation failed:
    source file: '/home/ubuntu/nomad_server_but_refactored/bg/OpenCV/build/CMakeFiles/CMakeTmp/src.cxx'
    check option: ' -Wno-unused-private-field'
===== BUILD LOG =====
Change Dir: /home/ubuntu/nomad_server_but_refactored/bg/OpenCV/build/CMakeFiles/CMakeTmp

Run Build Command:"/usr/bin/make" "cmTC_10294/fast"
/usr/bin/make -f CMakeFiles/cmTC_10294.dir/build.make CMakeFiles/cmTC_10294.dir/build
make[1]: Entering directory '/home/ubuntu/nomad_server_but_refactored/bg/OpenCV/build/CMakeFiles/CMakeTmp'
Building CXX object CMakeFiles/cmTC_10294.dir/src.cxx.o
/usr/bin/c++     -fsigned-char -W -Wall -Werror=return-type -Werror=non-virtual-dtor -Werror=address -Werror=sequence-point -Wformat -Werror=format-security -Wmissing-declarations -Wundef -Winit-self -Wpointer-arith -Wshadow -Wsign-promo -Wno-narrowing -Wno-delete-non-virtual-dtor -Wno-comment -fdiagnostics-show-option -Wno-long-long -pthread -fomit-frame-pointer -msse -msse2 -mno-avx -msse3 -mno-ssse3 -mno-sse4.1 -mno-sse4.2 -ffunction-sections -fvisibility=hidden -fvisibility-inlines-hidden -Wno-unused-function -Wno-overloaded-virtual  -O3 -DNDEBUG   -Wno-unused-private-field -o CMakeFiles/cmTC_10294.dir/src.cxx.o -c /home/ubuntu/nomad_server_but_refactored/bg/OpenCV/build/CMakeFiles/CMakeTmp/src.cxx
/home/ubuntu/nomad_server_but_refactored/bg/OpenCV/build/CMakeFiles/CMakeTmp/src.cxx:1:0: warning: ignoring #pragma   [-Wunknown-pragmas]
 #pragma
 ^
cc1plus: warning: unrecognized command line option ‘-Wno-unused-private-field’
Linking CXX executable cmTC_10294
/usr/bin/cmake -E cmake_link_script CMakeFiles/cmTC_10294.dir/link.txt --verbose=1
/usr/bin/c++      -fsigned-char -W -Wall -Werror=return-type -Werror=non-virtual-dtor -Werror=address -Werror=sequence-point -Wformat -Werror=format-security -Wmissing-declarations -Wundef -Winit-self -Wpointer-arith -Wshadow -Wsign-promo -Wno-narrowing -Wno-delete-non-virtual-dtor -Wno-comment -fdiagnostics-show-option -Wno-long-long -pthread -fomit-frame-pointer -msse -msse2 -mno-avx -msse3 -mno-ssse3 -mno-sse4.1 -mno-sse4.2 -ffunction-sections -fvisibility=hidden -fvisibility-inlines-hidden -Wno-unused-function -Wno-overloaded-virtual  -O3 -DNDEBUG    CMakeFiles/cmTC_10294.dir/src.cxx.o  -o cmTC_10294 -rdynamic 
make[1]: Leaving directory '/home/ubuntu/nomad_server_but_refactored/bg/OpenCV/build/CMakeFiles/CMakeTmp'

===== END =====

Determining if the include file linux/videodev.h exists failed with the following output:
Change Dir: /home/ubuntu/nomad_server_but_refactored/bg/OpenCV/build/CMakeFiles/CMakeTmp

Run Build Command:"/usr/bin/make" "cmTC_cd2f1/fast"
make[1]: Entering directory '/home/ubuntu/nomad_server_but_refactored/bg/OpenCV/build/CMakeFiles/CMakeTmp'
/usr/bin/make -f CMakeFiles/cmTC_cd2f1.dir/build.make CMakeFiles/cmTC_cd2f1.dir/build
make[2]: Entering directory '/home/ubuntu/nomad_server_but_refactored/bg/OpenCV/build/CMakeFiles/CMakeTmp'
Building C object CMakeFiles/cmTC_cd2f1.dir/CheckIncludeFile.c.o
/usr/bin/cc    -fsigned-char -W -Wall -Werror=return-type -Werror=non-virtual-dtor -Werror=address -Werror=sequence-point -Wformat -Werror=format-security -Wmissing-declarations -Wmissing-prototypes -Wstrict-prototypes -Wundef -Winit-self -Wpointer-arith -Wshadow -Wno-narrowing -Wno-comment -fdiagnostics-show-option -Wno-long-long -pthread -fomit-frame-pointer -msse -msse2 -mno-avx -msse3 -mno-ssse3 -mno-sse4.1 -mno-sse4.2 -ffunction-sections -fvisibility=hidden  -O3 -DNDEBUG   -o CMakeFiles/cmTC_cd2f1.dir/CheckIncludeFile.c.o   -c /home/ubuntu/nomad_server_but_refactored/bg/OpenCV/build/CMakeFiles/CMakeTmp/CheckIncludeFile.c
/home/ubuntu/nomad_server_but_refactored/bg/OpenCV/build/CMakeFiles/CMakeTmp/CheckIncludeFile.c:1:28: fatal error: linux/videodev.h: No such file or directory
compilation terminated.
CMakeFiles/cmTC_cd2f1.dir/build.make:65: recipe for target 'CMakeFiles/cmTC_cd2f1.dir/CheckIncludeFile.c.o' failed
make[2]: *** [CMakeFiles/cmTC_cd2f1.dir/CheckIncludeFile.c.o] Error 1
make[2]: Leaving directory '/home/ubuntu/nomad_server_but_refactored/bg/OpenCV/build/CMakeFiles/CMakeTmp'
Makefile:126: recipe for target 'cmTC_cd2f1/fast' failed
make[1]: *** [cmTC_cd2f1/fast] Error 2
make[1]: Leaving directory '/home/ubuntu/nomad_server_but_refactored/bg/OpenCV/build/CMakeFiles/CMakeTmp'


Determining if the include file sys/videoio.h exists failed with the following output:
Change Dir: /home/ubuntu/nomad_server_but_refactored/bg/OpenCV/build/CMakeFiles/CMakeTmp

Run Build Command:"/usr/bin/make" "cmTC_e2c22/fast"
make[1]: Entering directory '/home/ubuntu/nomad_server_but_refactored/bg/OpenCV/build/CMakeFiles/CMakeTmp'
/usr/bin/make -f CMakeFiles/cmTC_e2c22.dir/build.make CMakeFiles/cmTC_e2c22.dir/build
make[2]: Entering directory '/home/ubuntu/nomad_server_but_refactored/bg/OpenCV/build/CMakeFiles/CMakeTmp'
Building C object CMakeFiles/cmTC_e2c22.dir/CheckIncludeFile.c.o
/usr/bin/cc    -fsigned-char -W -Wall -Werror=return-type -Werror=non-virtual-dtor -Werror=address -Werror=sequence-point -Wformat -Werror=format-security -Wmissing-declarations -Wmissing-prototypes -Wstrict-prototypes -Wundef -Winit-self -Wpointer-arith -Wshadow -Wno-narrowing -Wno-comment -fdiagnostics-show-option -Wno-long-long -pthread -fomit-frame-pointer -msse -msse2 -mno-avx -msse3 -mno-ssse3 -mno-sse4.1 -mno-sse4.2 -ffunction-sections -fvisibility=hidden  -O3 -DNDEBUG   -o CMakeFiles/cmTC_e2c22.dir/CheckIncludeFile.c.o   -c /home/ubuntu/nomad_server_but_refactored/bg/OpenCV/build/CMakeFiles/CMakeTmp/CheckIncludeFile.c
/home/ubuntu/nomad_server_but_refactored/bg/OpenCV/build/CMakeFiles/CMakeTmp/CheckIncludeFile.c:1:25: fatal error: sys/videoio.h: No such file or directory
compilation terminated.
CMakeFiles/cmTC_e2c22.dir/build.make:65: recipe for target 'CMakeFiles/cmTC_e2c22.dir/CheckIncludeFile.c.o' failed
make[2]: *** [CMakeFiles/cmTC_e2c22.dir/CheckIncludeFile.c.o] Error 1
make[2]: Leaving directory '/home/ubuntu/nomad_server_but_refactored/bg/OpenCV/build/CMakeFiles/CMakeTmp'
Makefile:126: recipe for target 'cmTC_e2c22/fast' failed
make[1]: *** [cmTC_e2c22/fast] Error 2
make[1]: Leaving directory '/home/ubuntu/nomad_server_but_refactored/bg/OpenCV/build/CMakeFiles/CMakeTmp'


